Determining if the AFTR_CONFIG_USE_FONTS exist failed with the following output:
Change Dir: C:/repos/repo_distro/aburn/usr/modules/NewModule/src/out/build/x64-Debug/CMakeFiles/CMakeTmp

Run Build Command(s):C:/Program Files/Microsoft Visual Studio/2022/Community/Common7/IDE/CommonExtensions/Microsoft/CMake/Ninja/ninja.exe cmTC_4785d && [1/2] Building C object CMakeFiles\cmTC_4785d.dir\CheckSymbolExists.c.obj
FAILED: CMakeFiles/cmTC_4785d.dir/CheckSymbolExists.c.obj 
C:\PROGRA~1\MIB055~1\2022\COMMUN~1\VC\Tools\MSVC\1430~1.307\bin\Hostx64\x64\cl.exe  /nologo   /DWIN32 /D_WINDOWS /W3  /MDd /Zi /Ob0 /Od /RTC1 /showIncludes /FoCMakeFiles\cmTC_4785d.dir\CheckSymbolExists.c.obj /FdCMakeFiles\cmTC_4785d.dir\ /FS -c C:\repos\repo_distro\aburn\usr\modules\NewModule\src\out\build\x64-Debug\CMakeFiles\CMakeTmp\CheckSymbolExists.c
C:\repos\repo_distro\aburn\usr\modules\NewModule\src\out\build\x64-Debug\CMakeFiles\CMakeTmp\CheckSymbolExists.c(8): error C2065: 'AFTR_CONFIG_USE_FONTS': undeclared identifier
ninja: build stopped: subcommand failed.


File C:/repos/repo_distro/aburn/usr/modules/NewModule/src/out/build/x64-Debug/CMakeFiles/CMakeTmp/CheckSymbolExists.c:
/* */
#include <C:/repos/repo_distro/aburn/usr/include/aftr/AftrConfig.h>

int main(int argc, char** argv)
{
  (void)argv;
#ifndef AFTR_CONFIG_USE_FONTS
  return ((int*)(&AFTR_CONFIG_USE_FONTS))[argc];
#else
  (void)argc;
  return 0;
#endif
}
Determining if the AFTR_CONFIG_USE_OCULUS_RIFT_OVR exist failed with the following output:
Change Dir: C:/repos/repo_distro/aburn/usr/modules/NewModule/src/out/build/x64-Debug/CMakeFiles/CMakeTmp

Run Build Command(s):C:/Program Files/Microsoft Visual Studio/2022/Community/Common7/IDE/CommonExtensions/Microsoft/CMake/Ninja/ninja.exe cmTC_be4db && [1/2] Building C object CMakeFiles\cmTC_be4db.dir\CheckSymbolExists.c.obj
FAILED: CMakeFiles/cmTC_be4db.dir/CheckSymbolExists.c.obj 
C:\PROGRA~1\MIB055~1\2022\COMMUN~1\VC\Tools\MSVC\1430~1.307\bin\Hostx64\x64\cl.exe  /nologo   /DWIN32 /D_WINDOWS /W3  /MDd /Zi /Ob0 /Od /RTC1 /showIncludes /FoCMakeFiles\cmTC_be4db.dir\CheckSymbolExists.c.obj /FdCMakeFiles\cmTC_be4db.dir\ /FS -c C:\repos\repo_distro\aburn\usr\modules\NewModule\src\out\build\x64-Debug\CMakeFiles\CMakeTmp\CheckSymbolExists.c
C:\repos\repo_distro\aburn\usr\modules\NewModule\src\out\build\x64-Debug\CMakeFiles\CMakeTmp\CheckSymbolExists.c(8): error C2065: 'AFTR_CONFIG_USE_OCULUS_RIFT_OVR': undeclared identifier
ninja: build stopped: subcommand failed.


File C:/repos/repo_distro/aburn/usr/modules/NewModule/src/out/build/x64-Debug/CMakeFiles/CMakeTmp/CheckSymbolExists.c:
/* */
#include <C:/repos/repo_distro/aburn/usr/include/aftr/AftrConfig.h>

int main(int argc, char** argv)
{
  (void)argv;
#ifndef AFTR_CONFIG_USE_OCULUS_RIFT_OVR
  return ((int*)(&AFTR_CONFIG_USE_OCULUS_RIFT_OVR))[argc];
#else
  (void)argc;
  return 0;
#endif
}
Determining if the AFTR_CONFIG_USE_OCULUS_RIFT_DK2 exist failed with the following output:
Change Dir: C:/repos/repo_distro/aburn/usr/modules/NewModule/src/out/build/x64-Debug/CMakeFiles/CMakeTmp

Run Build Command(s):C:/Program Files/Microsoft Visual Studio/2022/Community/Common7/IDE/CommonExtensions/Microsoft/CMake/Ninja/ninja.exe cmTC_17577 && [1/2] Building C object CMakeFiles\cmTC_17577.dir\CheckSymbolExists.c.obj
FAILED: CMakeFiles/cmTC_17577.dir/CheckSymbolExists.c.obj 
C:\PROGRA~1\MIB055~1\2022\COMMUN~1\VC\Tools\MSVC\1430~1.307\bin\Hostx64\x64\cl.exe  /nologo   /DWIN32 /D_WINDOWS /W3  /MDd /Zi /Ob0 /Od /RTC1 /showIncludes /FoCMakeFiles\cmTC_17577.dir\CheckSymbolExists.c.obj /FdCMakeFiles\cmTC_17577.dir\ /FS -c C:\repos\repo_distro\aburn\usr\modules\NewModule\src\out\build\x64-Debug\CMakeFiles\CMakeTmp\CheckSymbolExists.c
C:\repos\repo_distro\aburn\usr\modules\NewModule\src\out\build\x64-Debug\CMakeFiles\CMakeTmp\CheckSymbolExists.c(8): error C2065: 'AFTR_CONFIG_USE_OCULUS_RIFT_DK2': undeclared identifier
ninja: build stopped: subcommand failed.


File C:/repos/repo_distro/aburn/usr/modules/NewModule/src/out/build/x64-Debug/CMakeFiles/CMakeTmp/CheckSymbolExists.c:
/* */
#include <C:/repos/repo_distro/aburn/usr/include/aftr/AftrConfig.h>

int main(int argc, char** argv)
{
  (void)argv;
#ifndef AFTR_CONFIG_USE_OCULUS_RIFT_DK2
  return ((int*)(&AFTR_CONFIG_USE_OCULUS_RIFT_DK2))[argc];
#else
  (void)argc;
  return 0;
#endif
}
Determining if the AFTR_CONFIG_USE_KEYLOK_DONGLE exist failed with the following output:
Change Dir: C:/repos/repo_distro/aburn/usr/modules/NewModule/src/out/build/x64-Debug/CMakeFiles/CMakeTmp

Run Build Command(s):C:/Program Files/Microsoft Visual Studio/2022/Community/Common7/IDE/CommonExtensions/Microsoft/CMake/Ninja/ninja.exe cmTC_9747e && [1/2] Building C object CMakeFiles\cmTC_9747e.dir\CheckSymbolExists.c.obj
FAILED: CMakeFiles/cmTC_9747e.dir/CheckSymbolExists.c.obj 
C:\PROGRA~1\MIB055~1\2022\COMMUN~1\VC\Tools\MSVC\1430~1.307\bin\Hostx64\x64\cl.exe  /nologo   /DWIN32 /D_WINDOWS /W3  /MDd /Zi /Ob0 /Od /RTC1 /showIncludes /FoCMakeFiles\cmTC_9747e.dir\CheckSymbolExists.c.obj /FdCMakeFiles\cmTC_9747e.dir\ /FS -c C:\repos\repo_distro\aburn\usr\modules\NewModule\src\out\build\x64-Debug\CMakeFiles\CMakeTmp\CheckSymbolExists.c
C:\repos\repo_distro\aburn\usr\modules\NewModule\src\out\build\x64-Debug\CMakeFiles\CMakeTmp\CheckSymbolExists.c(8): error C2065: 'AFTR_CONFIG_USE_KEYLOK_DONGLE': undeclared identifier
ninja: build stopped: subcommand failed.


File C:/repos/repo_distro/aburn/usr/modules/NewModule/src/out/build/x64-Debug/CMakeFiles/CMakeTmp/CheckSymbolExists.c:
/* */
#include <C:/repos/repo_distro/aburn/usr/include/aftr/AftrConfig.h>

int main(int argc, char** argv)
{
  (void)argv;
#ifndef AFTR_CONFIG_USE_KEYLOK_DONGLE
  return ((int*)(&AFTR_CONFIG_USE_KEYLOK_DONGLE))[argc];
#else
  (void)argc;
  return 0;
#endif
}
Determining if the AFTR_CONFIG_USE_3DS exist failed with the following output:
Change Dir: C:/repos/repo_distro/aburn/usr/modules/NewModule/src/out/build/x64-Debug/CMakeFiles/CMakeTmp

Run Build Command(s):C:/Program Files/Microsoft Visual Studio/2022/Community/Common7/IDE/CommonExtensions/Microsoft/CMake/Ninja/ninja.exe cmTC_19b4e && [1/2] Building C object CMakeFiles\cmTC_19b4e.dir\CheckSymbolExists.c.obj
FAILED: CMakeFiles/cmTC_19b4e.dir/CheckSymbolExists.c.obj 
C:\PROGRA~1\MIB055~1\2022\COMMUN~1\VC\Tools\MSVC\1430~1.307\bin\Hostx64\x64\cl.exe  /nologo   /DWIN32 /D_WINDOWS /W3  /MDd /Zi /Ob0 /Od /RTC1 /showIncludes /FoCMakeFiles\cmTC_19b4e.dir\CheckSymbolExists.c.obj /FdCMakeFiles\cmTC_19b4e.dir\ /FS -c C:\repos\repo_distro\aburn\usr\modules\NewModule\src\out\build\x64-Debug\CMakeFiles\CMakeTmp\CheckSymbolExists.c
C:\repos\repo_distro\aburn\usr\modules\NewModule\src\out\build\x64-Debug\CMakeFiles\CMakeTmp\CheckSymbolExists.c(8): error C2065: 'AFTR_CONFIG_USE_3DS': undeclared identifier
ninja: build stopped: subcommand failed.


File C:/repos/repo_distro/aburn/usr/modules/NewModule/src/out/build/x64-Debug/CMakeFiles/CMakeTmp/CheckSymbolExists.c:
/* */
#include <C:/repos/repo_distro/aburn/usr/include/aftr/AftrConfig.h>

int main(int argc, char** argv)
{
  (void)argv;
#ifndef AFTR_CONFIG_USE_3DS
  return ((int*)(&AFTR_CONFIG_USE_3DS))[argc];
#else
  (void)argc;
  return 0;
#endif
}
Determining if the AFTR_CONFIG_USE_GTEST_LIB exist failed with the following output:
Change Dir: C:/repos/repo_distro/aburn/usr/modules/NewModule/src/out/build/x64-Debug/CMakeFiles/CMakeTmp

Run Build Command(s):C:/Program Files/Microsoft Visual Studio/2022/Community/Common7/IDE/CommonExtensions/Microsoft/CMake/Ninja/ninja.exe cmTC_d14b4 && [1/2] Building C object CMakeFiles\cmTC_d14b4.dir\CheckSymbolExists.c.obj
FAILED: CMakeFiles/cmTC_d14b4.dir/CheckSymbolExists.c.obj 
C:\PROGRA~1\MIB055~1\2022\COMMUN~1\VC\Tools\MSVC\1430~1.307\bin\Hostx64\x64\cl.exe  /nologo   /DWIN32 /D_WINDOWS /W3  /MDd /Zi /Ob0 /Od /RTC1 /showIncludes /FoCMakeFiles\cmTC_d14b4.dir\CheckSymbolExists.c.obj /FdCMakeFiles\cmTC_d14b4.dir\ /FS -c C:\repos\repo_distro\aburn\usr\modules\NewModule\src\out\build\x64-Debug\CMakeFiles\CMakeTmp\CheckSymbolExists.c
C:\repos\repo_distro\aburn\usr\modules\NewModule\src\out\build\x64-Debug\CMakeFiles\CMakeTmp\CheckSymbolExists.c(8): error C2065: 'AFTR_CONFIG_USE_GTEST_LIB': undeclared identifier
ninja: build stopped: subcommand failed.


File C:/repos/repo_distro/aburn/usr/modules/NewModule/src/out/build/x64-Debug/CMakeFiles/CMakeTmp/CheckSymbolExists.c:
/* */
#include <C:/repos/repo_distro/aburn/usr/include/aftr/AftrConfig.h>

int main(int argc, char** argv)
{
  (void)argv;
#ifndef AFTR_CONFIG_USE_GTEST_LIB
  return ((int*)(&AFTR_CONFIG_USE_GTEST_LIB))[argc];
#else
  (void)argc;
  return 0;
#endif
}
Determining if the AFTR_CONFIG_USE_CAL3D exist failed with the following output:
Change Dir: C:/repos/repo_distro/aburn/usr/modules/NewModule/src/out/build/x64-Debug/CMakeFiles/CMakeTmp

Run Build Command(s):C:/Program Files/Microsoft Visual Studio/2022/Community/Common7/IDE/CommonExtensions/Microsoft/CMake/Ninja/ninja.exe cmTC_9989a && [1/2] Building C object CMakeFiles\cmTC_9989a.dir\CheckSymbolExists.c.obj
FAILED: CMakeFiles/cmTC_9989a.dir/CheckSymbolExists.c.obj 
C:\PROGRA~1\MIB055~1\2022\COMMUN~1\VC\Tools\MSVC\1430~1.307\bin\Hostx64\x64\cl.exe  /nologo   /DWIN32 /D_WINDOWS /W3  /MDd /Zi /Ob0 /Od /RTC1 /showIncludes /FoCMakeFiles\cmTC_9989a.dir\CheckSymbolExists.c.obj /FdCMakeFiles\cmTC_9989a.dir\ /FS -c C:\repos\repo_distro\aburn\usr\modules\NewModule\src\out\build\x64-Debug\CMakeFiles\CMakeTmp\CheckSymbolExists.c
C:\repos\repo_distro\aburn\usr\modules\NewModule\src\out\build\x64-Debug\CMakeFiles\CMakeTmp\CheckSymbolExists.c(8): error C2065: 'AFTR_CONFIG_USE_CAL3D': undeclared identifier
ninja: build stopped: subcommand failed.


File C:/repos/repo_distro/aburn/usr/modules/NewModule/src/out/build/x64-Debug/CMakeFiles/CMakeTmp/CheckSymbolExists.c:
/* */
#include <C:/repos/repo_distro/aburn/usr/include/aftr/AftrConfig.h>

int main(int argc, char** argv)
{
  (void)argv;
#ifndef AFTR_CONFIG_USE_CAL3D
  return ((int*)(&AFTR_CONFIG_USE_CAL3D))[argc];
#else
  (void)argc;
  return 0;
#endif
}
Determining if the AFTR_CONFIG_USE_ODE exist failed with the following output:
Change Dir: C:/repos/repo_distro/aburn/usr/modules/NewModule/src/out/build/x64-Debug/CMakeFiles/CMakeTmp

Run Build Command(s):C:/Program Files/Microsoft Visual Studio/2022/Community/Common7/IDE/CommonExtensions/Microsoft/CMake/Ninja/ninja.exe cmTC_27536 && [1/2] Building C object CMakeFiles\cmTC_27536.dir\CheckSymbolExists.c.obj
FAILED: CMakeFiles/cmTC_27536.dir/CheckSymbolExists.c.obj 
C:\PROGRA~1\MIB055~1\2022\COMMUN~1\VC\Tools\MSVC\1430~1.307\bin\Hostx64\x64\cl.exe  /nologo   /DWIN32 /D_WINDOWS /W3  /MDd /Zi /Ob0 /Od /RTC1 /showIncludes /FoCMakeFiles\cmTC_27536.dir\CheckSymbolExists.c.obj /FdCMakeFiles\cmTC_27536.dir\ /FS -c C:\repos\repo_distro\aburn\usr\modules\NewModule\src\out\build\x64-Debug\CMakeFiles\CMakeTmp\CheckSymbolExists.c
C:\repos\repo_distro\aburn\usr\modules\NewModule\src\out\build\x64-Debug\CMakeFiles\CMakeTmp\CheckSymbolExists.c(8): error C2065: 'AFTR_CONFIG_USE_ODE': undeclared identifier
ninja: build stopped: subcommand failed.


File C:/repos/repo_distro/aburn/usr/modules/NewModule/src/out/build/x64-Debug/CMakeFiles/CMakeTmp/CheckSymbolExists.c:
/* */
#include <C:/repos/repo_distro/aburn/usr/include/aftr/AftrConfig.h>

int main(int argc, char** argv)
{
  (void)argv;
#ifndef AFTR_CONFIG_USE_ODE
  return ((int*)(&AFTR_CONFIG_USE_ODE))[argc];
#else
  (void)argc;
  return 0;
#endif
}
Determining if the include file pthread.h exists failed with the following output:
Change Dir: C:/repos/repo_distro/aburn/usr/modules/NewModule/src/out/build/x64-Debug/CMakeFiles/CMakeTmp

Run Build Command(s):C:/Program Files/Microsoft Visual Studio/2022/Community/Common7/IDE/CommonExtensions/Microsoft/CMake/Ninja/ninja.exe cmTC_72d9e && [1/2] Building C object CMakeFiles\cmTC_72d9e.dir\CheckIncludeFile.c.obj
FAILED: CMakeFiles/cmTC_72d9e.dir/CheckIncludeFile.c.obj 
C:\PROGRA~1\MIB055~1\2022\COMMUN~1\VC\Tools\MSVC\1430~1.307\bin\Hostx64\x64\cl.exe  /nologo   /DWIN32 /D_WINDOWS /W3  /MDd /Zi /Ob0 /Od /RTC1 /showIncludes /FoCMakeFiles\cmTC_72d9e.dir\CheckIncludeFile.c.obj /FdCMakeFiles\cmTC_72d9e.dir\ /FS -c C:\repos\repo_distro\aburn\usr\modules\NewModule\src\out\build\x64-Debug\CMakeFiles\CMakeTmp\CheckIncludeFile.c
C:\repos\repo_distro\aburn\usr\modules\NewModule\src\out\build\x64-Debug\CMakeFiles\CMakeTmp\CheckIncludeFile.c(1): fatal error C1083: Cannot open include file: 'pthread.h': No such file or directory
ninja: build stopped: subcommand failed.



